<?xml version="1.0" encoding="UTF-8"?>
<testng-results ignored="0" total="1" passed="1" failed="0" skipped="0">
  <reporter-output>
    <line>
      <![CDATA[=====Chrome Browser Session Started=====]]>
    </line>
  </reporter-output>
  <suite started-at="2021-01-18T00:44:16 EET" name="TestSuite" finished-at="2021-01-18T00:44:44 EET" duration-ms="27412">
    <groups>
    </groups>
    <test started-at="2021-01-18T00:44:16 EET" name="ChromeTest" finished-at="2021-01-18T00:44:44 EET" duration-ms="27412">
      <class name="testing.SearchTest">
        <test-method is-config="true" signature="intialization(java.lang.String)[pri:0, instance:testing.SearchTest@159f197]" started-at="2021-01-18T00:44:16 EET" name="intialization" finished-at="2021-01-18T00:44:22 EET" duration-ms="5639" status="PASS">
          <params>
            <param index="0">
              <value>
                <![CDATA[Chrome]]>
              </value>
            </param>
          </params>
          <reporter-output>
            <line>
              <![CDATA[=====Chrome Browser Session Started=====]]>
            </line>
          </reporter-output>
        </test-method> <!-- intialization -->
        <test-method is-config="true" signature="setup()[pri:0, instance:testing.SearchTest@159f197]" started-at="2021-01-18T00:44:22 EET" name="setup" finished-at="2021-01-18T00:44:22 EET" depends-on-methods="base.TestBase.intialization" duration-ms="53" status="PASS">
          <reporter-output>
          </reporter-output>
        </test-method> <!-- setup -->
        <test-method signature="testSearch(java.lang.String, java.lang.String)[pri:0, instance:testing.SearchTest@159f197]" started-at="2021-01-18T00:44:22 EET" name="testSearch" data-provider="searchData" finished-at="2021-01-18T00:44:43 EET" duration-ms="20912" status="PASS">
          <params>
            <param index="0">
              <value>
                <![CDATA[jed]]>
              </value>
            </param>
            <param index="1">
              <value>
                <![CDATA[cai]]>
              </value>
            </param>
          </params>
          <reporter-output>
          </reporter-output>
        </test-method> <!-- testSearch -->
        <test-method is-config="true" signature="getResult(org.testng.ITestResult)[pri:0, instance:testing.SearchTest@159f197]" started-at="2021-01-18T00:44:43 EET" name="getResult" finished-at="2021-01-18T00:44:43 EET" duration-ms="4" status="PASS">
          <params>
            <param index="0">
              <value>
                <![CDATA[[TestResult name=testSearch status=SUCCESS method=SearchTest.testSearch(java.lang.String, java.lang.String)[pri:0, instance:testing.SearchTest@159f197] output={null}]]]>
              </value>
            </param>
          </params>
          <reporter-output>
          </reporter-output>
        </test-method> <!-- getResult -->
        <test-method is-config="true" signature="endReport()[pri:0, instance:testing.SearchTest@159f197]" started-at="2021-01-18T00:44:43 EET" name="endReport" finished-at="2021-01-18T00:44:44 EET" duration-ms="778" status="PASS">
          <reporter-output>
          </reporter-output>
        </test-method> <!-- endReport -->
      </class> <!-- testing.SearchTest -->
    </test> <!-- ChromeTest -->
  </suite> <!-- TestSuite -->
</testng-results>
